{
  "RSpec": {
    "coverage": {
      "/Users/apprentice/Desktop/shoppe/app/models/user.rb": [
        1,
        1,
        1,
        null,
        null,
        1,
        null,
        null
      ],
      "/Users/apprentice/Desktop/shoppe/app/helpers/application_helper.rb": [
        1,
        null
      ],
      "/Users/apprentice/Desktop/shoppe/app/helpers/cart_helper.rb": [
        1,
        null
      ],
      "/Users/apprentice/Desktop/shoppe/app/helpers/pending_purchases_helper.rb": [
        1,
        null
      ],
      "/Users/apprentice/Desktop/shoppe/app/helpers/products_helper.rb": [
        1,
        null
      ],
      "/Users/apprentice/Desktop/shoppe/app/helpers/users_helper.rb": [
        1,
        null
      ],
      "/Users/apprentice/Desktop/shoppe/app/controllers/cart_controller.rb": [
        1,
        null,
        1,
        0,
        0,
        0,
        null,
        null,
        1,
        0,
        null,
        null,
        null
      ],
      "/Users/apprentice/Desktop/shoppe/app/controllers/application_controller.rb": [
        1,
        null,
        null,
        1,
        null
      ],
      "/Users/apprentice/Desktop/shoppe/app/controllers/pending_purchases_controller.rb": [
        1,
        null,
        1,
        null,
        null,
        null,
        0,
        0,
        null,
        0,
        null,
        null,
        null,
        null,
        null,
        0,
        null,
        0,
        null,
        null,
        null,
        null,
        null,
        0,
        null,
        null,
        null,
        null,
        null,
        null,
        null,
        null,
        null,
        null,
        null,
        null,
        null,
        1,
        0,
        0,
        0,
        null,
        null,
        1,
        0,
        0,
        0,
        0,
        0,
        null,
        null,
        null
      ],
      "/Users/apprentice/Desktop/shoppe/app/controllers/products_controller.rb": [
        1,
        1,
        1,
        null,
        1,
        0,
        null,
        null,
        1,
        0,
        null,
        null,
        1,
        0,
        0,
        0,
        null,
        0,
        null,
        null,
        null,
        1,
        null,
        null,
        1,
        null,
        null,
        1,
        0,
        0,
        null,
        0,
        null,
        null,
        null,
        1,
        0,
        0,
        null,
        null,
        1,
        null,
        null,
        1,
        6,
        null,
        null,
        null,
        1,
        0,
        null,
        null,
        null
      ],
      "/Users/apprentice/Desktop/shoppe/app/models/product.rb": [
        1,
        1,
        1,
        1,
        null,
        null
      ],
      "/Users/apprentice/Desktop/shoppe/app/controllers/users_controller.rb": [
        1,
        1,
        null,
        null
      ],
      "/Users/apprentice/Desktop/shoppe/app/models/cart.rb": [
        1,
        1,
        1,
        1,
        null
      ],
      "/Users/apprentice/Desktop/shoppe/app/models/pending_purchase.rb": [
        1,
        1,
        1,
        null
      ]
    },
    "timestamp": 1445813611
  }
}
